<?xml version="1.0" encoding="UTF-8"?>
<!-- Generated by org.testng.reporters.JUnitReportReporter -->
<testsuite hostname="LAPTOP-9I162H9R" failures="0" tests="5" name="testCases.TC003_LoginDataDrivenTest" time="17.451" errors="0" timestamp="2024-10-25T10:36:27 IST" skipped="0">
  <testcase classname="testCases.TC003_LoginDataDrivenTest" name="verify_loginDDT" time="10.821"/>
  <testcase classname="testCases.TC003_LoginDataDrivenTest" name="verify_loginDDT" time="1.363"/>
  <testcase classname="testCases.TC003_LoginDataDrivenTest" name="verify_loginDDT" time="1.327"/>
  <testcase classname="testCases.TC003_LoginDataDrivenTest" name="verify_loginDDT" time="1.522"/>
  <testcase classname="testCases.TC003_LoginDataDrivenTest" name="verify_loginDDT" time="2.418"/>
</testsuite> <!-- testCases.TC003_LoginDataDrivenTest -->
